<?xml version="1.0" encoding="UTF-8"?>
<!-- Generated by org.testng.reporters.JUnitXMLReporter -->
<testsuite ignored="0" hostname="DESKTOP-RUSN8H5" failures="1" tests="1" name="Default test" time="29.439" errors="0" timestamp="2025-06-03T18:26:22 IST">
  <testcase classname="base.CustomizeTestNGCucum" name="runScenario" time="27.545">
    <failure type="java.lang.NullPointerException">
      <![CDATA[java.lang.NullPointerException
at java.base/java.util.Objects.requireNonNull(Objects.java:209)
at io.appium.java_client.TouchAction.<init>(TouchAction.java:61)
at io.appium.java_client.android.AndroidTouchAction.<init>(AndroidTouchAction.java:39)
at stepDefinitions.filesSteps.user_select_file_to_delete(filesSteps.java:114)
at ✽.user select file to delete(file:///E:/Ashwini/CloudcardApp/cloudcardApp/src/test/resources/features/files.feature:29)
]]>
    </failure>
  </testcase> <!-- runScenario -->
</testsuite> <!-- Default test -->
