<?xml version="1.0" encoding="UTF-8"?>
<testng-results ignored="0" total="1" passed="1" failed="0" skipped="0">
  <reporter-output>
  </reporter-output>
  <suite started-at="2025-06-05T16:37:03 IST" name="Default suite" finished-at="2025-06-05T16:37:48 IST" duration-ms="45446">
    <groups>
      <group name="cucumber">
        <method signature="CustomizeTestNGCucum.runScenario(io.cucumber.testng.PickleWrapper,io.cucumber.testng.FeatureWrapper)[pri:0, instance:runner.TestRunner@58fb7731]" name="runScenario" class="base.CustomizeTestNGCucum"/>
      </group> <!-- cucumber -->
    </groups>
    <test started-at="2025-06-05T16:37:03 IST" name="Default test" finished-at="2025-06-05T16:37:48 IST" duration-ms="45446">
      <class name="runner.TestRunner">
        <test-method is-config="true" signature="setUpClass()[pri:0, instance:runner.TestRunner@58fb7731]" started-at="2025-06-05T16:37:03 IST" name="setUpClass" finished-at="2025-06-05T16:37:03 IST" duration-ms="567" status="PASS">
          <reporter-output>
          </reporter-output>
        </test-method> <!-- setUpClass -->
        <test-method signature="runScenario(io.cucumber.testng.PickleWrapper,io.cucumber.testng.FeatureWrapper)[pri:0, instance:runner.TestRunner@58fb7731]" started-at="2025-06-05T16:37:03 IST" name="runScenario" description="Runs Cucumber Scenarios" data-provider="scenarios" finished-at="2025-06-05T16:37:47 IST" duration-ms="43604" status="PASS">
          <params>
            <param index="0">
              <value>
                <![CDATA["Select file and perform delete operation"]]>
              </value>
            </param>
            <param index="1">
              <value>
                <![CDATA["Upload File in Files Module"]]>
              </value>
            </param>
          </params>
          <reporter-output>
          </reporter-output>
        </test-method> <!-- runScenario -->
        <test-method is-config="true" signature="tearDownClass()[pri:0, instance:runner.TestRunner@58fb7731]" started-at="2025-06-05T16:37:47 IST" name="tearDownClass" finished-at="2025-06-05T16:37:48 IST" duration-ms="1207" status="PASS">
          <reporter-output>
          </reporter-output>
        </test-method> <!-- tearDownClass -->
      </class> <!-- runner.TestRunner -->
    </test> <!-- Default test -->
  </suite> <!-- Default suite -->
</testng-results>
