<?xml version="1.0" encoding="UTF-8"?>
<!-- Generated by org.testng.reporters.JUnitReportReporter -->
<testsuite hostname="DESKTOP-RUSN8H5" failures="0" tests="1" name="runner.TestRunner" time="27.545" errors="1" timestamp="2025-06-03T18:26:22 IST" skipped="0">
  <testcase classname="runner.TestRunner" name="runScenario" time="27.545">
    <error type="java.lang.NullPointerException">
      <![CDATA[java.lang.NullPointerException
at java.base/java.util.Objects.requireNonNull(Objects.java:209)
at io.appium.java_client.TouchAction.<init>(TouchAction.java:61)
at io.appium.java_client.android.AndroidTouchAction.<init>(AndroidTouchAction.java:39)
at stepDefinitions.filesSteps.user_select_file_to_delete(filesSteps.java:114)
at ✽.user select file to delete(file:///E:/Ashwini/CloudcardApp/cloudcardApp/src/test/resources/features/files.feature:29)
]]>
    </error>
  </testcase> <!-- runScenario -->
</testsuite> <!-- runner.TestRunner -->
